Build started 2013-01-20 19:56:21.
     1>Project "C:\Users\Pelle\Dropbox\Skola\Prog 3\SDL\Backup\SDL_tutorial\SDL_tutorial\SDL_tutorial.vcxproj" on node 2 (build target(s)).
     1>InitializeBuildStatus:
         Creating "Debug\SDL_tutorial.unsuccessfulbuild" because "AlwaysCreate" was specified.
       ClCompile:
         C:\Program Files (x86)\Microsoft Visual Studio 10.0\VC\bin\CL.exe /c /ZI /nologo /W3 /WX- /Od /Oy- /D _MBCS /Gm /EHsc /RTC1 /MD /GS /fp:precise /Zc:wchar_t /Zc:forScope /Fo"Debug\\" /Fd"Debug\vc100.pdb" /Gd /TP /analyze- /errorReport:prompt Ball.cpp Game.cpp GameEngine.cpp Globals.cpp Image.cpp Komponent.cpp main.cpp Player.cpp Rectangle.cpp Vinst.cpp Wall.cpp
         Wall.cpp
         Vinst.cpp
         Rectangle.cpp
         Player.cpp
         main.cpp
         Komponent.cpp
         Image.cpp
         Globals.cpp
         GameEngine.cpp
         Game.cpp
         Ball.cpp
         Generating Code...
       Link:
         C:\Program Files (x86)\Microsoft Visual Studio 10.0\VC\bin\link.exe /ERRORREPORT:PROMPT /OUT:"C:\Users\Pelle\Dropbox\Skola\Prog 3\SDL\Backup\SDL_tutorial\Debug\SDL_tutorial.exe" /NOLOGO SDL.lib SDLmain.lib SDL_image.lib SDL_ttf.lib SDL.lib SDLmain.lib kernel32.lib user32.lib gdi32.lib winspool.lib comdlg32.lib advapi32.lib shell32.lib ole32.lib oleaut32.lib uuid.lib odbc32.lib odbccp32.lib /MANIFEST /ManifestFile:"Debug\SDL_tutorial.exe.intermediate.manifest" /MANIFESTUAC:"level='asInvoker' uiAccess='false'" /DEBUG /PDB:"C:\Users\Pelle\Dropbox\Skola\Prog 3\SDL\Backup\SDL_tutorial\Debug\SDL_tutorial.pdb" /SUBSYSTEM:CONSOLE /TLBID:1 /DYNAMICBASE /NXCOMPAT /IMPLIB:"C:\Users\Pelle\Dropbox\Skola\Prog 3\SDL\Backup\SDL_tutorial\Debug\SDL_tutorial.lib" /MACHINE:X86 Debug\Ball.obj
         Debug\Game.obj
         Debug\GameEngine.obj
         Debug\Globals.obj
         Debug\Image.obj
         Debug\Komponent.obj
         Debug\main.obj
         Debug\Player.obj
         Debug\Rectangle.obj
         Debug\Vinst.obj
         Debug\Wall.obj
         LINK : C:\Users\Pelle\Dropbox\Skola\Prog 3\SDL\Backup\SDL_tutorial\Debug\SDL_tutorial.exe not found or not built by the last incremental link; performing full link
         SDL_tutorial.vcxproj -> C:\Users\Pelle\Dropbox\Skola\Prog 3\SDL\Backup\SDL_tutorial\Debug\SDL_tutorial.exe
       Manifest:
         C:\Program Files (x86)\Microsoft SDKs\Windows\v7.0A\bin\mt.exe /nologo /verbose /outputresource:"C:\Users\Pelle\Dropbox\Skola\Prog 3\SDL\Backup\SDL_tutorial\Debug\SDL_tutorial.exe;#1" /manifest Debug\SDL_tutorial.exe.intermediate.manifest
       FinalizeBuildStatus:
         Deleting file "Debug\SDL_tutorial.unsuccessfulbuild".
         Touching "Debug\SDL_tutorial.lastbuildstate".
     1>Done Building Project "C:\Users\Pelle\Dropbox\Skola\Prog 3\SDL\Backup\SDL_tutorial\SDL_tutorial\SDL_tutorial.vcxproj" (build target(s)).

Build succeeded.

Time Elapsed 00:00:11.60
