C:\USERS\PELLE\DROPBOX\SKOLA\PROG 3\SDL\SDL_TUTORIAL\DEBUG\SDL_TUTORIAL.EXE
C:\USERS\PELLE\DROPBOX\SKOLA\PROG 3\SDL\SDL_TUTORIAL\DEBUG\SDL_TUTORIAL.ILK
C:\USERS\PELLE\DROPBOX\SKOLA\PROG 3\SDL\SDL_TUTORIAL\DEBUG\SDL_TUTORIAL.PDB
C:\USERS\PELLE\DROPBOX\SKOLA\PROG 3\SDL\SDL_TUTORIAL\SDL_TUTORIAL\DEBUG\BACKGROUND.OBJ
C:\USERS\PELLE\DROPBOX\SKOLA\PROG 3\SDL\SDL_TUTORIAL\SDL_TUTORIAL\DEBUG\BALL.OBJ
C:\Users\Pelle\Dropbox\Skola\Prog 3\SDL\SDL_tutorial\SDL_tutorial\Debug\cl.command.1 (Pelle Tunell's conflicted copy 2012-12-29).tlog
C:\Users\Pelle\Dropbox\Skola\Prog 3\SDL\SDL_tutorial\SDL_tutorial\Debug\cl.command.1.tlog
C:\Users\Pelle\Dropbox\Skola\Prog 3\SDL\SDL_tutorial\SDL_tutorial\Debug\CL.read.1 (Pelle Tunell's conflicted copy 2012-12-29).tlog
C:\Users\Pelle\Dropbox\Skola\Prog 3\SDL\SDL_tutorial\SDL_tutorial\Debug\CL.read.1.tlog
C:\Users\Pelle\Dropbox\Skola\Prog 3\SDL\SDL_tutorial\SDL_tutorial\Debug\CL.write.1 (Pelle Tunell's conflicted copy 2012-12-29).tlog
C:\Users\Pelle\Dropbox\Skola\Prog 3\SDL\SDL_tutorial\SDL_tutorial\Debug\CL.write.1.tlog
C:\Users\Pelle\Dropbox\Skola\Prog 3\SDL\SDL_tutorial\SDL_tutorial\Debug\GameEngine (Pelle Tunell's conflicted copy 2012-12-29).obj
C:\USERS\PELLE\DROPBOX\SKOLA\PROG 3\SDL\SDL_TUTORIAL\SDL_TUTORIAL\DEBUG\GAMEENGINE.OBJ
C:\USERS\PELLE\DROPBOX\SKOLA\PROG 3\SDL\SDL_TUTORIAL\SDL_TUTORIAL\DEBUG\GLOBALS.OBJ
C:\USERS\PELLE\DROPBOX\SKOLA\PROG 3\SDL\SDL_TUTORIAL\SDL_TUTORIAL\DEBUG\IMAGE.OBJ
C:\USERS\PELLE\DROPBOX\SKOLA\PROG 3\SDL\SDL_TUTORIAL\SDL_TUTORIAL\DEBUG\KOMPONENT.OBJ
C:\Users\Pelle\Dropbox\Skola\Prog 3\SDL\SDL_tutorial\SDL_tutorial\Debug\link.command.1 (Pelle Tunell's conflicted copy 2012-12-29).tlog
C:\Users\Pelle\Dropbox\Skola\Prog 3\SDL\SDL_tutorial\SDL_tutorial\Debug\link.command.1.tlog
C:\Users\Pelle\Dropbox\Skola\Prog 3\SDL\SDL_tutorial\SDL_tutorial\Debug\link.read.1 (Pelle Tunell's conflicted copy 2012-12-29).tlog
C:\Users\Pelle\Dropbox\Skola\Prog 3\SDL\SDL_tutorial\SDL_tutorial\Debug\link.read.1.tlog
C:\Users\Pelle\Dropbox\Skola\Prog 3\SDL\SDL_tutorial\SDL_tutorial\Debug\link.write.1 (Pelle Tunell's conflicted copy 2012-12-29).tlog
C:\Users\Pelle\Dropbox\Skola\Prog 3\SDL\SDL_tutorial\SDL_tutorial\Debug\link.write.1.tlog
C:\USERS\PELLE\DROPBOX\SKOLA\PROG 3\SDL\SDL_TUTORIAL\SDL_TUTORIAL\DEBUG\MAIN.OBJ
C:\Users\Pelle\Dropbox\Skola\Prog 3\SDL\SDL_tutorial\SDL_tutorial\Debug\mt.command.1.tlog
C:\Users\Pelle\Dropbox\Skola\Prog 3\SDL\SDL_tutorial\SDL_tutorial\Debug\mt.read.1.tlog
C:\Users\Pelle\Dropbox\Skola\Prog 3\SDL\SDL_tutorial\SDL_tutorial\Debug\mt.write.1.tlog
C:\USERS\PELLE\DROPBOX\SKOLA\PROG 3\SDL\SDL_TUTORIAL\SDL_TUTORIAL\DEBUG\PLAYER.OBJ
C:\USERS\PELLE\DROPBOX\SKOLA\PROG 3\SDL\SDL_TUTORIAL\SDL_TUTORIAL\DEBUG\RECTANGLE.OBJ
C:\USERS\PELLE\DROPBOX\SKOLA\PROG 3\SDL\SDL_TUTORIAL\SDL_TUTORIAL\DEBUG\SDL_TUTORIAL.EXE.INTERMEDIATE.MANIFEST
C:\Users\Pelle\Dropbox\Skola\Prog 3\SDL\SDL_tutorial\SDL_tutorial\Debug\SDL_tutorial.vcxprojResolveAssemblyReference.cache
C:\Users\Pelle\Dropbox\Skola\Prog 3\SDL\SDL_tutorial\SDL_tutorial\Debug\SDL_tutorial.write.1.tlog
C:\USERS\PELLE\DROPBOX\SKOLA\PROG 3\SDL\SDL_TUTORIAL\SDL_TUTORIAL\DEBUG\WALL.OBJ
C:\Users\Pelle\Dropbox\Skola\Prog 3\SDL\SDL_tutorial\SDL_tutorial\Debug\vc100 (Pelle Tunell's conflicted copy 2012-12-29).idb
C:\Users\Pelle\Dropbox\Skola\Prog 3\SDL\SDL_tutorial\SDL_tutorial\Debug\vc100 (Pelle Tunell's conflicted copy 2012-12-29).pdb
C:\Users\Pelle\Dropbox\Skola\Prog 3\SDL\SDL_tutorial\SDL_tutorial\Debug\vc100 (Pellelaptop's conflicted copy 2012-12-12).idb
C:\Users\Pelle\Dropbox\Skola\Prog 3\SDL\SDL_tutorial\SDL_tutorial\Debug\vc100 (Pellelaptop's conflicted copy 2012-12-12).pdb
C:\Users\Pelle\Dropbox\Skola\Prog 3\SDL\SDL_tutorial\SDL_tutorial\Debug\vc100.idb
C:\USERS\PELLE\DROPBOX\SKOLA\PROG 3\SDL\SDL_TUTORIAL\SDL_TUTORIAL\DEBUG\VC100.PDB
